autoscan: warning: missing AC_C_CONST wanted by: 
	src/Sequence.hpp:24
	src/Sequence.hpp:26
	src/Sequence.hpp:28
	src/Sequence.hpp:30
	src/Sequence.hpp:30
	src/Sequence.hpp:32
	src/Sequence.hpp:34
	src/Sequence.hpp:34
	src/Sequence.hpp:36
	src/Sequence.hpp:36
	src/Sequence.hpp:38
	src/Sequence.hpp:38
	src/Sequence.hpp:45
	src/GStack.hpp:35
	src/GStack.hpp:40
	src/GStack.hpp:45
	src/Sequence.cpp:19
	src/Sequence.cpp:30
	src/Sequence.cpp:41
	src/Sequence.cpp:52
	src/Sequence.cpp:52
	src/Sequence.cpp:63
	src/Sequence.cpp:74
	src/Sequence.cpp:74
	src/Sequence.cpp:85
	src/Sequence.cpp:85
	src/Sequence.cpp:96
	src/Sequence.cpp:96
	src/Sequence.cpp:114
	src/GenetiCode.hpp:52
	src/StrSet.hpp:17
	src/StrSet.hpp:17
	src/StrSet.hpp:17
	src/EdDist.cpp:11
	src/EdDist.cpp:11
	src/EdDist.cpp:81
	src/EdDist.cpp:284
	src/EdDist.cpp:297
	src/EdDist.cpp:306
	src/EdDist.cpp:315
	src/EdDist.hpp:18
	src/EdDist.hpp:18
	src/EdDist.hpp:35
	src/EdDist.hpp:40
	src/EdDist.hpp:45
	src/EdDist.hpp:50
	src/EdDist.hpp:64
	src/GStack.cpp:63
	src/GStack.cpp:75
	src/GStack.cpp:93
autoscan: warning: missing AC_HEADER_STDBOOL wanted by: 
	src/GStack.hpp:45
	src/GenetiCode.cpp:5
	src/GenetiCode.hpp:30
	src/StrSet.hpp:17
	src/EdDist.cpp:109
	src/EdDist.cpp:110
	src/EdDist.cpp:111
	src/EdDist.cpp:297
	src/EdDist.cpp:306
	src/EdDist.cpp:315
	src/EdDist.hpp:40
	src/EdDist.hpp:45
	src/EdDist.hpp:50
	src/GStack.cpp:93
	src/GenetiCode.cpp:5
	src/EdDist.cpp:109
	src/EdDist.cpp:110
	src/EdDist.cpp:111
	src/GenetiCode.hpp:57
autoscan: warning: missing AC_PREREQ wanted by: 
	autoscan
autoscan: warning: missing AC_PROG_CXX wanted by: 
	src/Sequence.hpp
	src/GStack.hpp
	src/GenetiCode.cpp
	src/Sequence.cpp
	src/GenetiCode.hpp
	src/StrSet.hpp
	src/EdDist.cpp
	src/EdDist.hpp
	src/GStack.cpp
	src/GReader.cpp
	src/Makefile:11
	src/Makefile:11
autoscan: warning: missing AC_TYPE_SIZE_T wanted by: 
	src/Sequence.cpp:247
