This file contains any messages produced by compilers while
running configure, to aid debugging if configure makes a mistake.

It was created by FULL-PACKAGE-NAME configure VERSION, which was
generated by GNU Autoconf 2.59.  Invocation command line was

  $ ./configure 

## --------- ##
## Platform. ##
## --------- ##

hostname = lw106.genome.ulaval.ca
uname -m = x86_64
uname -r = 2.6.18-1.2868.fc6
uname -s = Linux
uname -v = #1 SMP Fri Dec 15 17:29:48 EST 2006

/usr/bin/uname -p = unknown
/bin/uname -X     = unknown

/bin/arch              = x86_64
/usr/bin/arch -k       = unknown
/usr/convex/getsysinfo = unknown
hostinfo               = unknown
/bin/machine           = unknown
/usr/bin/oslevel       = unknown
/bin/universe          = unknown

PATH: /opt/kde3.5.5/bin
PATH: /usr/lib64/qt-3.3/bin
PATH: /opt/bioinfo/ncbi_cxx-Aug_14_2006/GCC-linux/bin
PATH: /usr/kerberos/bin
PATH: /opt/bioinfo/bin
PATH: /opt/kde/bin
PATH: /usr/bin
PATH: /bin
PATH: /home/eescobar/bin


## ----------- ##
## Core tests. ##
## ----------- ##

configure:1366: checking for a BSD-compatible install
configure:1421: result: /usr/bin/install -c
configure:1432: checking whether build environment is sane
configure:1475: result: yes
configure:1540: checking for gawk
configure:1556: found /usr/bin/gawk
configure:1566: result: gawk
configure:1576: checking whether make sets $(MAKE)
configure:1596: result: yes
configure:1818: checking for g++
configure:1834: found /usr/bin/g++
configure:1844: result: g++
configure:1860: checking for C++ compiler version
configure:1863: g++ --version </dev/null >&5
g++ (GCC) 4.1.1 20061011 (Red Hat 4.1.1-30)
Copyright (C) 2006 Free Software Foundation, Inc.
This is free software; see the source for copying conditions.  There is NO
warranty; not even for MERCHANTABILITY or FITNESS FOR A PARTICULAR PURPOSE.

configure:1866: $? = 0
configure:1868: g++ -v </dev/null >&5
Using built-in specs.
Target: x86_64-redhat-linux
Configured with: ../configure --prefix=/usr --mandir=/usr/share/man --infodir=/usr/share/info --enable-shared --enable-threads=posix --enable-checking=release --with-system-zlib --enable-__cxa_atexit --disable-libunwind-exceptions --enable-libgcj-multifile --enable-languages=c,c++,objc,obj-c++,java,fortran,ada --enable-java-awt=gtk --disable-dssi --enable-plugin --with-java-home=/usr/lib/jvm/java-1.4.2-gcj-1.4.2.0/jre --with-cpu=generic --host=x86_64-redhat-linux
Thread model: posix
gcc version 4.1.1 20061011 (Red Hat 4.1.1-30)
configure:1871: $? = 0
configure:1873: g++ -V </dev/null >&5
g++: '-V' option must have argument
configure:1876: $? = 1
configure:1899: checking for C++ compiler default output file name
configure:1902: g++    conftest.cc  >&5
configure:1905: $? = 0
configure:1951: result: a.out
configure:1956: checking whether the C++ compiler works
configure:1962: ./a.out
configure:1965: $? = 0
configure:1982: result: yes
configure:1989: checking whether we are cross compiling
configure:1991: result: no
configure:1994: checking for suffix of executables
configure:1996: g++ -o conftest    conftest.cc  >&5
configure:1999: $? = 0
configure:2024: result: 
configure:2030: checking for suffix of object files
configure:2051: g++ -c   conftest.cc >&5
configure:2054: $? = 0
configure:2076: result: o
configure:2080: checking whether we are using the GNU C++ compiler
configure:2104: g++ -c   conftest.cc >&5
configure:2110: $? = 0
configure:2114: test -z 
			 || test ! -s conftest.err
configure:2117: $? = 0
configure:2120: test -s conftest.o
configure:2123: $? = 0
configure:2136: result: yes
configure:2142: checking whether g++ accepts -g
configure:2163: g++ -c -g  conftest.cc >&5
configure:2169: $? = 0
configure:2173: test -z 
			 || test ! -s conftest.err
configure:2176: $? = 0
configure:2179: test -s conftest.o
configure:2182: $? = 0
configure:2193: result: yes
configure:2235: g++ -c -g -O2  conftest.cc >&5
configure:2241: $? = 0
configure:2245: test -z 
			 || test ! -s conftest.err
configure:2248: $? = 0
configure:2251: test -s conftest.o
configure:2254: $? = 0
configure:2280: g++ -c -g -O2  conftest.cc >&5
conftest.cc: In function 'int main()':
conftest.cc:15: error: 'exit' was not declared in this scope
configure:2286: $? = 1
configure: failed program was:
| /* confdefs.h.  */
| 
| #define PACKAGE_NAME "FULL-PACKAGE-NAME"
| #define PACKAGE_TARNAME "full-package-name"
| #define PACKAGE_VERSION "VERSION"
| #define PACKAGE_STRING "FULL-PACKAGE-NAME VERSION"
| #define PACKAGE_BUGREPORT "BUG-REPORT-ADDRESS"
| #define PACKAGE "full-package-name"
| #define VERSION "VERSION"
| /* end confdefs.h.  */
| 
| int
| main ()
| {
| exit (42);
|   ;
|   return 0;
| }
configure:2235: g++ -c -g -O2  conftest.cc >&5
configure:2241: $? = 0
configure:2245: test -z 
			 || test ! -s conftest.err
configure:2248: $? = 0
configure:2251: test -s conftest.o
configure:2254: $? = 0
configure:2280: g++ -c -g -O2  conftest.cc >&5
configure:2286: $? = 0
configure:2290: test -z 
			 || test ! -s conftest.err
configure:2293: $? = 0
configure:2296: test -s conftest.o
configure:2299: $? = 0
configure:2333: checking for style of include used by make
configure:2361: result: GNU
configure:2389: checking dependency style of g++
configure:2479: result: gcc3
configure:2545: checking for gcc
configure:2561: found /usr/bin/gcc
configure:2571: result: gcc
configure:2815: checking for C compiler version
configure:2818: gcc --version </dev/null >&5
gcc (GCC) 4.1.1 20061011 (Red Hat 4.1.1-30)
Copyright (C) 2006 Free Software Foundation, Inc.
This is free software; see the source for copying conditions.  There is NO
warranty; not even for MERCHANTABILITY or FITNESS FOR A PARTICULAR PURPOSE.

configure:2821: $? = 0
configure:2823: gcc -v </dev/null >&5
Using built-in specs.
Target: x86_64-redhat-linux
Configured with: ../configure --prefix=/usr --mandir=/usr/share/man --infodir=/usr/share/info --enable-shared --enable-threads=posix --enable-checking=release --with-system-zlib --enable-__cxa_atexit --disable-libunwind-exceptions --enable-libgcj-multifile --enable-languages=c,c++,objc,obj-c++,java,fortran,ada --enable-java-awt=gtk --disable-dssi --enable-plugin --with-java-home=/usr/lib/jvm/java-1.4.2-gcj-1.4.2.0/jre --with-cpu=generic --host=x86_64-redhat-linux
Thread model: posix
gcc version 4.1.1 20061011 (Red Hat 4.1.1-30)
configure:2826: $? = 0
configure:2828: gcc -V </dev/null >&5
gcc: '-V' option must have argument
configure:2831: $? = 1
configure:2834: checking whether we are using the GNU C compiler
configure:2858: gcc -c   conftest.c >&5
configure:2864: $? = 0
configure:2868: test -z 
			 || test ! -s conftest.err
configure:2871: $? = 0
configure:2874: test -s conftest.o
configure:2877: $? = 0
configure:2890: result: yes
configure:2896: checking whether gcc accepts -g
configure:2917: gcc -c -g  conftest.c >&5
configure:2923: $? = 0
configure:2927: test -z 
			 || test ! -s conftest.err
configure:2930: $? = 0
configure:2933: test -s conftest.o
configure:2936: $? = 0
configure:2947: result: yes
configure:2964: checking for gcc option to accept ANSI C
configure:3034: gcc  -c -g -O2  conftest.c >&5
configure:3040: $? = 0
configure:3044: test -z 
			 || test ! -s conftest.err
configure:3047: $? = 0
configure:3050: test -s conftest.o
configure:3053: $? = 0
configure:3071: result: none needed
configure:3089: gcc -c -g -O2  conftest.c >&5
conftest.c:2: error: expected '=', ',', ';', 'asm' or '__attribute__' before 'me'
configure:3095: $? = 1
configure: failed program was:
| #ifndef __cplusplus
|   choke me
| #endif
configure:3230: checking dependency style of gcc
configure:3320: result: gcc3
configure:3339: checking for main in -lboost_regex
configure:3363: gcc -o conftest -g -O2   conftest.c -lboost_regex   >&5
configure:3369: $? = 0
configure:3373: test -z 
			 || test ! -s conftest.err
configure:3376: $? = 0
configure:3379: test -s conftest
configure:3382: $? = 0
configure:3395: result: yes
configure:3415: checking how to run the C preprocessor
configure:3450: gcc -E  conftest.c
configure:3456: $? = 0
configure:3488: gcc -E  conftest.c
conftest.c:15:28: error: ac_nonexistent.h: No such file or directory
configure:3494: $? = 1
configure: failed program was:
| /* confdefs.h.  */
| 
| #define PACKAGE_NAME "FULL-PACKAGE-NAME"
| #define PACKAGE_TARNAME "full-package-name"
| #define PACKAGE_VERSION "VERSION"
| #define PACKAGE_STRING "FULL-PACKAGE-NAME VERSION"
| #define PACKAGE_BUGREPORT "BUG-REPORT-ADDRESS"
| #define PACKAGE "full-package-name"
| #define VERSION "VERSION"
| #ifdef __cplusplus
| extern "C" void std::exit (int) throw (); using std::exit;
| #endif
| #define HAVE_LIBBOOST_REGEX 1
| /* end confdefs.h.  */
| #include <ac_nonexistent.h>
configure:3533: result: gcc -E
configure:3557: gcc -E  conftest.c
configure:3563: $? = 0
configure:3595: gcc -E  conftest.c
conftest.c:15:28: error: ac_nonexistent.h: No such file or directory
configure:3601: $? = 1
configure: failed program was:
| /* confdefs.h.  */
| 
| #define PACKAGE_NAME "FULL-PACKAGE-NAME"
| #define PACKAGE_TARNAME "full-package-name"
| #define PACKAGE_VERSION "VERSION"
| #define PACKAGE_STRING "FULL-PACKAGE-NAME VERSION"
| #define PACKAGE_BUGREPORT "BUG-REPORT-ADDRESS"
| #define PACKAGE "full-package-name"
| #define VERSION "VERSION"
| #ifdef __cplusplus
| extern "C" void std::exit (int) throw (); using std::exit;
| #endif
| #define HAVE_LIBBOOST_REGEX 1
| /* end confdefs.h.  */
| #include <ac_nonexistent.h>
configure:3645: checking for egrep
configure:3655: result: grep -E
configure:3660: checking for ANSI C header files
configure:3685: gcc -c -g -O2  conftest.c >&5
configure:3691: $? = 0
configure:3695: test -z 
			 || test ! -s conftest.err
configure:3698: $? = 0
configure:3701: test -s conftest.o
configure:3704: $? = 0
configure:3793: gcc -o conftest -g -O2   conftest.c -lboost_regex  >&5
conftest.c: In function 'main':
conftest.c:32: warning: incompatible implicit declaration of built-in function 'exit'
configure:3796: $? = 0
configure:3798: ./conftest
configure:3801: $? = 0
configure:3816: result: yes
configure:3840: checking for sys/types.h
configure:3856: gcc -c -g -O2  conftest.c >&5
configure:3862: $? = 0
configure:3866: test -z 
			 || test ! -s conftest.err
configure:3869: $? = 0
configure:3872: test -s conftest.o
configure:3875: $? = 0
configure:3886: result: yes
configure:3840: checking for sys/stat.h
configure:3856: gcc -c -g -O2  conftest.c >&5
configure:3862: $? = 0
configure:3866: test -z 
			 || test ! -s conftest.err
configure:3869: $? = 0
configure:3872: test -s conftest.o
configure:3875: $? = 0
configure:3886: result: yes
configure:3840: checking for stdlib.h
configure:3856: gcc -c -g -O2  conftest.c >&5
configure:3862: $? = 0
configure:3866: test -z 
			 || test ! -s conftest.err
configure:3869: $? = 0
configure:3872: test -s conftest.o
configure:3875: $? = 0
configure:3886: result: yes
configure:3840: checking for string.h
configure:3856: gcc -c -g -O2  conftest.c >&5
configure:3862: $? = 0
configure:3866: test -z 
			 || test ! -s conftest.err
configure:3869: $? = 0
configure:3872: test -s conftest.o
configure:3875: $? = 0
configure:3886: result: yes
configure:3840: checking for memory.h
configure:3856: gcc -c -g -O2  conftest.c >&5
configure:3862: $? = 0
configure:3866: test -z 
			 || test ! -s conftest.err
configure:3869: $? = 0
configure:3872: test -s conftest.o
configure:3875: $? = 0
configure:3886: result: yes
configure:3840: checking for strings.h
configure:3856: gcc -c -g -O2  conftest.c >&5
configure:3862: $? = 0
configure:3866: test -z 
			 || test ! -s conftest.err
configure:3869: $? = 0
configure:3872: test -s conftest.o
configure:3875: $? = 0
configure:3886: result: yes
configure:3840: checking for inttypes.h
configure:3856: gcc -c -g -O2  conftest.c >&5
configure:3862: $? = 0
configure:3866: test -z 
			 || test ! -s conftest.err
configure:3869: $? = 0
configure:3872: test -s conftest.o
configure:3875: $? = 0
configure:3886: result: yes
configure:3840: checking for stdint.h
configure:3856: gcc -c -g -O2  conftest.c >&5
configure:3862: $? = 0
configure:3866: test -z 
			 || test ! -s conftest.err
configure:3869: $? = 0
configure:3872: test -s conftest.o
configure:3875: $? = 0
configure:3886: result: yes
configure:3840: checking for unistd.h
configure:3856: gcc -c -g -O2  conftest.c >&5
configure:3862: $? = 0
configure:3866: test -z 
			 || test ! -s conftest.err
configure:3869: $? = 0
configure:3872: test -s conftest.o
configure:3875: $? = 0
configure:3886: result: yes
configure:3898: checking for stdbool.h that conforms to C99
configure:3951: gcc -c -g -O2  conftest.c >&5
configure:3957: $? = 0
configure:3961: test -z 
			 || test ! -s conftest.err
configure:3964: $? = 0
configure:3967: test -s conftest.o
configure:3970: $? = 0
configure:3981: result: yes
configure:3983: checking for _Bool
configure:4007: gcc -c -g -O2  conftest.c >&5
configure:4013: $? = 0
configure:4017: test -z 
			 || test ! -s conftest.err
configure:4020: $? = 0
configure:4023: test -s conftest.o
configure:4026: $? = 0
configure:4037: result: yes
configure:4056: checking for an ANSI C-conforming const
configure:4123: gcc -c -g -O2  conftest.c >&5
configure:4129: $? = 0
configure:4133: test -z 
			 || test ! -s conftest.err
configure:4136: $? = 0
configure:4139: test -s conftest.o
configure:4142: $? = 0
configure:4153: result: yes
configure:4163: checking for size_t
configure:4187: gcc -c -g -O2  conftest.c >&5
configure:4193: $? = 0
configure:4197: test -z 
			 || test ! -s conftest.err
configure:4200: $? = 0
configure:4203: test -s conftest.o
configure:4206: $? = 0
configure:4217: result: yes
configure:4350: creating ./config.status

## ---------------------- ##
## Running config.status. ##
## ---------------------- ##

This file was extended by FULL-PACKAGE-NAME config.status VERSION, which was
generated by GNU Autoconf 2.59.  Invocation command line was

  CONFIG_FILES    = 
  CONFIG_HEADERS  = 
  CONFIG_LINKS    = 
  CONFIG_COMMANDS = 
  $ ./config.status 

on lw106.genome.ulaval.ca

config.status:696: creating Makefile
config.status:696: creating src/Makefile
config.status:800: creating config.h
config.status:1092: executing depfiles commands

## ---------------- ##
## Cache variables. ##
## ---------------- ##

ac_cv_c_compiler_gnu=yes
ac_cv_c_const=yes
ac_cv_cxx_compiler_gnu=yes
ac_cv_env_CC_set=
ac_cv_env_CC_value=
ac_cv_env_CFLAGS_set=
ac_cv_env_CFLAGS_value=
ac_cv_env_CPPFLAGS_set=
ac_cv_env_CPPFLAGS_value=
ac_cv_env_CPP_set=
ac_cv_env_CPP_value=
ac_cv_env_CXXFLAGS_set=
ac_cv_env_CXXFLAGS_value=
ac_cv_env_CXX_set=
ac_cv_env_CXX_value=
ac_cv_env_LDFLAGS_set=
ac_cv_env_LDFLAGS_value=
ac_cv_env_build_alias_set=
ac_cv_env_build_alias_value=
ac_cv_env_host_alias_set=
ac_cv_env_host_alias_value=
ac_cv_env_target_alias_set=
ac_cv_env_target_alias_value=
ac_cv_exeext=
ac_cv_header_inttypes_h=yes
ac_cv_header_memory_h=yes
ac_cv_header_stdbool_h=yes
ac_cv_header_stdc=yes
ac_cv_header_stdint_h=yes
ac_cv_header_stdlib_h=yes
ac_cv_header_string_h=yes
ac_cv_header_strings_h=yes
ac_cv_header_sys_stat_h=yes
ac_cv_header_sys_types_h=yes
ac_cv_header_unistd_h=yes
ac_cv_lib_boost_regex_main=yes
ac_cv_objext=o
ac_cv_path_install='/usr/bin/install -c'
ac_cv_prog_AWK=gawk
ac_cv_prog_CPP='gcc -E'
ac_cv_prog_ac_ct_CC=gcc
ac_cv_prog_ac_ct_CXX=g++
ac_cv_prog_cc_g=yes
ac_cv_prog_cc_stdc=
ac_cv_prog_cxx_g=yes
ac_cv_prog_egrep='grep -E'
ac_cv_prog_make_make_set=yes
ac_cv_type__Bool=yes
ac_cv_type_size_t=yes
am_cv_CC_dependencies_compiler_type=gcc3
am_cv_CXX_dependencies_compiler_type=gcc3

## ----------------- ##
## Output variables. ##
## ----------------- ##

ACLOCAL='${SHELL} /home/eescobar/ESTsSuite/trunk/bin/Cpp/MultiAlign/missing --run aclocal-1.9'
AMDEPBACKSLASH='\'
AMDEP_FALSE='#'
AMDEP_TRUE=''
AMTAR='${SHELL} /home/eescobar/ESTsSuite/trunk/bin/Cpp/MultiAlign/missing --run tar'
AUTOCONF='${SHELL} /home/eescobar/ESTsSuite/trunk/bin/Cpp/MultiAlign/missing --run autoconf'
AUTOHEADER='${SHELL} /home/eescobar/ESTsSuite/trunk/bin/Cpp/MultiAlign/missing --run autoheader'
AUTOMAKE='${SHELL} /home/eescobar/ESTsSuite/trunk/bin/Cpp/MultiAlign/missing --run automake-1.9'
AWK='gawk'
CC='gcc'
CCDEPMODE='depmode=gcc3'
CFLAGS='-g -O2'
CPP='gcc -E'
CPPFLAGS=''
CXX='g++'
CXXDEPMODE='depmode=gcc3'
CXXFLAGS='-g -O2'
CYGPATH_W='echo'
DEFS='-DHAVE_CONFIG_H'
DEPDIR='.deps'
ECHO_C=''
ECHO_N='-n'
ECHO_T=''
EGREP='grep -E'
EXEEXT=''
INSTALL_DATA='${INSTALL} -m 644'
INSTALL_PROGRAM='${INSTALL}'
INSTALL_SCRIPT='${INSTALL}'
INSTALL_STRIP_PROGRAM='${SHELL} $(install_sh) -c -s'
LDFLAGS=''
LIBOBJS=''
LIBS='-lboost_regex '
LTLIBOBJS=''
MAKEINFO='${SHELL} /home/eescobar/ESTsSuite/trunk/bin/Cpp/MultiAlign/missing --run makeinfo'
OBJEXT='o'
PACKAGE='full-package-name'
PACKAGE_BUGREPORT='BUG-REPORT-ADDRESS'
PACKAGE_NAME='FULL-PACKAGE-NAME'
PACKAGE_STRING='FULL-PACKAGE-NAME VERSION'
PACKAGE_TARNAME='full-package-name'
PACKAGE_VERSION='VERSION'
PATH_SEPARATOR=':'
SET_MAKE=''
SHELL='/bin/sh'
STRIP=''
VERSION='VERSION'
ac_ct_CC='gcc'
ac_ct_CXX='g++'
ac_ct_STRIP=''
am__fastdepCC_FALSE='#'
am__fastdepCC_TRUE=''
am__fastdepCXX_FALSE='#'
am__fastdepCXX_TRUE=''
am__include='include'
am__leading_dot='.'
am__quote=''
am__tar='${AMTAR} chof - "$$tardir"'
am__untar='${AMTAR} xf -'
bindir='${exec_prefix}/bin'
build_alias=''
datadir='${prefix}/share'
exec_prefix='${prefix}'
host_alias=''
includedir='${prefix}/include'
infodir='${prefix}/info'
install_sh='/home/eescobar/ESTsSuite/trunk/bin/Cpp/MultiAlign/install-sh'
libdir='${exec_prefix}/lib'
libexecdir='${exec_prefix}/libexec'
localstatedir='${prefix}/var'
mandir='${prefix}/man'
mkdir_p='mkdir -p --'
oldincludedir='/usr/include'
prefix='/usr/local'
program_transform_name='s,x,x,'
sbindir='${exec_prefix}/sbin'
sharedstatedir='${prefix}/com'
sysconfdir='${prefix}/etc'
target_alias=''

## ----------- ##
## confdefs.h. ##
## ----------- ##

#define HAVE_INTTYPES_H 1
#define HAVE_LIBBOOST_REGEX 1
#define HAVE_MEMORY_H 1
#define HAVE_STDBOOL_H 1
#define HAVE_STDINT_H 1
#define HAVE_STDLIB_H 1
#define HAVE_STRINGS_H 1
#define HAVE_STRING_H 1
#define HAVE_SYS_STAT_H 1
#define HAVE_SYS_TYPES_H 1
#define HAVE_UNISTD_H 1
#define HAVE__BOOL 1
#define PACKAGE "full-package-name"
#define PACKAGE_BUGREPORT "BUG-REPORT-ADDRESS"
#define PACKAGE_NAME "FULL-PACKAGE-NAME"
#define PACKAGE_STRING "FULL-PACKAGE-NAME VERSION"
#define PACKAGE_TARNAME "full-package-name"
#define PACKAGE_VERSION "VERSION"
#define STDC_HEADERS 1
#define VERSION "VERSION"
#endif
#ifdef __cplusplus
extern "C" void std::exit (int) throw (); using std::exit;

configure: exit 0

## ---------------------- ##
## Running config.status. ##
## ---------------------- ##

This file was extended by FULL-PACKAGE-NAME config.status VERSION, which was
generated by GNU Autoconf 2.59.  Invocation command line was

  CONFIG_FILES    = 
  CONFIG_HEADERS  = 
  CONFIG_LINKS    = 
  CONFIG_COMMANDS = 
  $ ./config.status config.h

on lw106.genome.ulaval.ca

config.status:800: creating config.h
config.status:912: config.h is unchanged

## ---------------------- ##
## Running config.status. ##
## ---------------------- ##

This file was extended by FULL-PACKAGE-NAME config.status VERSION, which was
generated by GNU Autoconf 2.59.  Invocation command line was

  CONFIG_FILES    = 
  CONFIG_HEADERS  = 
  CONFIG_LINKS    = 
  CONFIG_COMMANDS = 
  $ ./config.status src/Makefile depfiles

on lw106.genome.ulaval.ca

config.status:696: creating src/Makefile
config.status:1092: executing depfiles commands
